06-08-2024 16:03:24.406 [main] INFO  o.s.d.r.c.RepositoryConfigurationDelegate - Bootstrapping Spring Data JPA repositories in DEFAULT mode.
06-08-2024 16:03:24.432 [main] INFO  o.s.d.r.c.RepositoryConfigurationDelegate - Finished Spring Data repository scanning in 9 ms. Found 0 JPA repository interfaces.
06-08-2024 16:03:25.697 [main] INFO  o.s.b.w.e.t.TomcatWebServer - Tomcat initialized with port(s): 8080 (http)
06-08-2024 16:03:25.888 [main] INFO  o.s.b.w.s.c.ServletWebServerApplicationContext - Root WebApplicationContext: initialization completed in 2147 ms
06-08-2024 16:03:27.184 [main] INFO  o.s.o.j.LocalContainerEntityManagerFactoryBean - Initialized JPA EntityManagerFactory for persistence unit 'default'
06-08-2024 16:03:27.247 [main] WARN  o.s.b.a.o.j.JpaBaseConfiguration$JpaWebConfiguration - spring.jpa.open-in-view is enabled by default. Therefore, database queries may be performed during view rendering. Explicitly configure spring.jpa.open-in-view to disable this warning
06-08-2024 16:03:27.394 [main] INFO  o.s.s.c.ThreadPoolTaskExecutor - Initializing ExecutorService 'applicationTaskExecutor'
06-08-2024 16:03:27.692 [main] INFO  o.s.b.w.e.t.TomcatWebServer - Tomcat started on port(s): 8080 (http) with context path '/information'
06-08-2024 16:08:17.966 [main] INFO  o.s.d.r.c.RepositoryConfigurationDelegate - Bootstrapping Spring Data JPA repositories in DEFAULT mode.
06-08-2024 16:08:17.986 [main] INFO  o.s.d.r.c.RepositoryConfigurationDelegate - Finished Spring Data repository scanning in 6 ms. Found 0 JPA repository interfaces.
06-08-2024 16:08:19.607 [main] INFO  o.s.b.w.e.t.TomcatWebServer - Tomcat initialized with port(s): 8080 (http)
06-08-2024 16:08:19.886 [main] INFO  o.s.b.w.s.c.ServletWebServerApplicationContext - Root WebApplicationContext: initialization completed in 2853 ms
06-08-2024 16:08:21.709 [main] INFO  o.s.o.j.LocalContainerEntityManagerFactoryBean - Initialized JPA EntityManagerFactory for persistence unit 'default'
06-08-2024 16:08:21.780 [main] WARN  o.s.b.a.o.j.JpaBaseConfiguration$JpaWebConfiguration - spring.jpa.open-in-view is enabled by default. Therefore, database queries may be performed during view rendering. Explicitly configure spring.jpa.open-in-view to disable this warning
06-08-2024 16:08:22.015 [main] INFO  o.s.s.c.ThreadPoolTaskExecutor - Initializing ExecutorService 'applicationTaskExecutor'
06-08-2024 16:08:22.485 [main] INFO  o.s.b.w.e.t.TomcatWebServer - Tomcat started on port(s): 8080 (http) with context path '/information'
06-08-2024 16:10:05.846 [main] INFO  o.s.d.r.c.RepositoryConfigurationDelegate - Bootstrapping Spring Data JPA repositories in DEFAULT mode.
06-08-2024 16:10:05.867 [main] INFO  o.s.d.r.c.RepositoryConfigurationDelegate - Finished Spring Data repository scanning in 7 ms. Found 0 JPA repository interfaces.
06-08-2024 16:10:07.050 [main] INFO  o.s.b.w.e.t.TomcatWebServer - Tomcat initialized with port(s): 8080 (http)
06-08-2024 16:10:07.209 [main] INFO  o.s.b.w.s.c.ServletWebServerApplicationContext - Root WebApplicationContext: initialization completed in 2051 ms
06-08-2024 16:10:08.516 [main] INFO  o.s.o.j.LocalContainerEntityManagerFactoryBean - Initialized JPA EntityManagerFactory for persistence unit 'default'
06-08-2024 16:10:08.598 [main] WARN  o.s.b.a.o.j.JpaBaseConfiguration$JpaWebConfiguration - spring.jpa.open-in-view is enabled by default. Therefore, database queries may be performed during view rendering. Explicitly configure spring.jpa.open-in-view to disable this warning
06-08-2024 16:10:08.752 [main] INFO  o.s.s.c.ThreadPoolTaskExecutor - Initializing ExecutorService 'applicationTaskExecutor'
06-08-2024 16:10:09.051 [main] INFO  o.s.b.w.e.t.TomcatWebServer - Tomcat started on port(s): 8080 (http) with context path '/information'
06-08-2024 16:10:56.160 [main] INFO  o.s.d.r.c.RepositoryConfigurationDelegate - Bootstrapping Spring Data JPA repositories in DEFAULT mode.
06-08-2024 16:10:56.188 [main] INFO  o.s.d.r.c.RepositoryConfigurationDelegate - Finished Spring Data repository scanning in 10 ms. Found 0 JPA repository interfaces.
06-08-2024 16:10:57.832 [main] INFO  o.s.b.w.e.t.TomcatWebServer - Tomcat initialized with port(s): 8080 (http)
06-08-2024 16:10:58.029 [main] INFO  o.s.b.w.s.c.ServletWebServerApplicationContext - Root WebApplicationContext: initialization completed in 2644 ms
06-08-2024 16:10:59.426 [main] INFO  o.s.o.j.LocalContainerEntityManagerFactoryBean - Initialized JPA EntityManagerFactory for persistence unit 'default'
06-08-2024 16:10:59.545 [main] WARN  o.s.b.a.o.j.JpaBaseConfiguration$JpaWebConfiguration - spring.jpa.open-in-view is enabled by default. Therefore, database queries may be performed during view rendering. Explicitly configure spring.jpa.open-in-view to disable this warning
06-08-2024 16:10:59.721 [main] INFO  o.s.s.c.ThreadPoolTaskExecutor - Initializing ExecutorService 'applicationTaskExecutor'
06-08-2024 16:11:00.193 [main] INFO  o.s.b.w.e.t.TomcatWebServer - Tomcat started on port(s): 8080 (http) with context path '/information'
06-08-2024 16:43:45.547 [main] INFO  o.s.d.r.c.RepositoryConfigurationDelegate - Bootstrapping Spring Data JPA repositories in DEFAULT mode.
06-08-2024 16:43:45.595 [main] INFO  o.s.d.r.c.RepositoryConfigurationDelegate - Finished Spring Data repository scanning in 17 ms. Found 0 JPA repository interfaces.
06-08-2024 16:43:47.922 [main] INFO  o.s.b.w.e.t.TomcatWebServer - Tomcat initialized with port(s): 8080 (http)
06-08-2024 16:43:48.279 [main] INFO  o.s.b.w.s.c.ServletWebServerApplicationContext - Root WebApplicationContext: initialization completed in 4093 ms
06-08-2024 16:43:50.637 [main] INFO  o.s.o.j.LocalContainerEntityManagerFactoryBean - Initialized JPA EntityManagerFactory for persistence unit 'default'
06-08-2024 16:43:50.750 [main] WARN  o.s.b.a.o.j.JpaBaseConfiguration$JpaWebConfiguration - spring.jpa.open-in-view is enabled by default. Therefore, database queries may be performed during view rendering. Explicitly configure spring.jpa.open-in-view to disable this warning
06-08-2024 16:43:51.123 [main] INFO  o.s.s.c.ThreadPoolTaskExecutor - Initializing ExecutorService 'applicationTaskExecutor'
06-08-2024 16:43:51.739 [main] INFO  o.s.b.w.e.t.TomcatWebServer - Tomcat started on port(s): 8080 (http) with context path '/information'
06-08-2024 16:45:49.789 [main] INFO  o.s.d.r.c.RepositoryConfigurationDelegate - Bootstrapping Spring Data JPA repositories in DEFAULT mode.
06-08-2024 16:45:49.812 [main] INFO  o.s.d.r.c.RepositoryConfigurationDelegate - Finished Spring Data repository scanning in 8 ms. Found 0 JPA repository interfaces.
06-08-2024 16:45:51.156 [main] INFO  o.s.b.w.e.t.TomcatWebServer - Tomcat initialized with port(s): 8080 (http)
06-08-2024 16:45:51.339 [main] INFO  o.s.b.w.s.c.ServletWebServerApplicationContext - Root WebApplicationContext: initialization completed in 2211 ms
06-08-2024 16:45:52.581 [main] INFO  o.s.o.j.LocalContainerEntityManagerFactoryBean - Initialized JPA EntityManagerFactory for persistence unit 'default'
06-08-2024 16:45:52.642 [main] WARN  o.s.b.a.o.j.JpaBaseConfiguration$JpaWebConfiguration - spring.jpa.open-in-view is enabled by default. Therefore, database queries may be performed during view rendering. Explicitly configure spring.jpa.open-in-view to disable this warning
06-08-2024 16:45:52.782 [main] INFO  o.s.s.c.ThreadPoolTaskExecutor - Initializing ExecutorService 'applicationTaskExecutor'
06-08-2024 16:45:53.195 [main] INFO  o.s.b.w.e.t.TomcatWebServer - Tomcat started on port(s): 8080 (http) with context path '/information'
06-08-2024 17:35:42.265 [main] INFO  o.s.d.r.c.RepositoryConfigurationDelegate - Bootstrapping Spring Data JPA repositories in DEFAULT mode.
06-08-2024 17:35:42.298 [main] INFO  o.s.d.r.c.RepositoryConfigurationDelegate - Finished Spring Data repository scanning in 12 ms. Found 0 JPA repository interfaces.
06-08-2024 17:35:44.123 [main] INFO  o.s.b.w.e.t.TomcatWebServer - Tomcat initialized with port(s): 8080 (http)
06-08-2024 17:35:44.602 [main] INFO  o.s.b.w.s.c.ServletWebServerApplicationContext - Root WebApplicationContext: initialization completed in 3624 ms
06-08-2024 17:35:48.512 [main] INFO  o.s.o.j.LocalContainerEntityManagerFactoryBean - Initialized JPA EntityManagerFactory for persistence unit 'default'
06-08-2024 17:35:48.924 [main] WARN  o.s.b.a.o.j.JpaBaseConfiguration$JpaWebConfiguration - spring.jpa.open-in-view is enabled by default. Therefore, database queries may be performed during view rendering. Explicitly configure spring.jpa.open-in-view to disable this warning
06-08-2024 17:35:50.160 [main] INFO  o.s.s.c.ThreadPoolTaskExecutor - Initializing ExecutorService 'applicationTaskExecutor'
06-08-2024 17:35:51.725 [main] INFO  o.s.b.w.e.t.TomcatWebServer - Tomcat started on port(s): 8080 (http) with context path '/information'
